WormWorx++/app/build/intermediates/manifest_merge_blame_file/debug/manifest-merger-blame-debug-report.txt
1<?xml version="1.0" encoding="utf-8"?>
2<manifest xmlns:android="http://schemas.android.com/apk/res/android"
3    package="openworm.wormworx"
4    android:versionCode="2"
5    android:versionName="1.0" >
6
7    <uses-sdk
8        android:minSdkVersion="23"
8-->src\main\AndroidManifest.xml
9        android:targetSdkVersion="31" />
9-->src\main\AndroidManifest.xml
10
11    <uses-feature android:glEsVersion="0x00020000" />
11-->src\main\AndroidManifest.xml:3:3-51
11-->src\main\AndroidManifest.xml:3:17-49
12
13    <application
13-->src\main\AndroidManifest.xml:4:3-18:17
14        android:allowBackup="false"
14-->src\main\AndroidManifest.xml:5:7-34
15        android:debuggable="true"
16        android:extractNativeLibs="false"
17        android:fullBackupContent="false"
17-->src\main\AndroidManifest.xml:6:7-40
18        android:icon="@mipmap/ic_launcher"
18-->src\main\AndroidManifest.xml:7:7-41
19        android:label="WormWorx++" >
19-->src\main\AndroidManifest.xml:8:7-33
20        <activity
20-->src\main\AndroidManifest.xml:9:5-17:16
21            android:name="openworm.WormWorx"
21-->src\main\AndroidManifest.xml:9:15-38
22            android:configChanges="orientation|keyboardHidden"
22-->src\main\AndroidManifest.xml:12:15-65
23            android:launchMode="singleTask"
23-->src\main\AndroidManifest.xml:11:15-46
24            android:theme="@android:style/Theme.NoTitleBar.Fullscreen" >
24-->src\main\AndroidManifest.xml:10:15-73
25            <intent-filter>
25-->src\main\AndroidManifest.xml:13:7-16:23
26                <action android:name="android.intent.action.MAIN" />
26-->src\main\AndroidManifest.xml:14:9-61
26-->src\main\AndroidManifest.xml:14:17-58
27
28                <category android:name="android.intent.category.LAUNCHER" />
28-->src\main\AndroidManifest.xml:15:9-69
28-->src\main\AndroidManifest.xml:15:19-66
29            </intent-filter>
30        </activity>
31    </application>
32
33</manifest>